{"/Users/phil/bootcamp/challenges/svg-logo-maker/lib/shapes.js": {"path":"/Users/phil/bootcamp/challenges/svg-logo-maker/lib/shapes.js","statementMap":{"0":{"start":{"line":3,"column":4},"end":{"line":3,"column":77}},"1":{"start":{"line":7,"column":4},"end":{"line":7,"column":65}},"2":{"start":{"line":11,"column":4},"end":{"line":11,"column":72}},"3":{"start":{"line":15,"column":0},"end":{"line":15,"column":24}}},"fnMap":{"0":{"name":"(anonymous_0)","decl":{"start":{"line":2,"column":2},"end":{"line":2,"column":3}},"loc":{"start":{"line":2,"column":23},"end":{"line":4,"column":3}},"line":2},"1":{"name":"(anonymous_1)","decl":{"start":{"line":6,"column":2},"end":{"line":6,"column":3}},"loc":{"start":{"line":6,"column":23},"end":{"line":8,"column":3}},"line":6},"2":{"name":"(anonymous_2)","decl":{"start":{"line":10,"column":2},"end":{"line":10,"column":3}},"loc":{"start":{"line":10,"column":25},"end":{"line":12,"column":3}},"line":10}},"branchMap":{},"s":{"0":2,"1":1,"2":1,"3":2},"f":{"0":2,"1":1,"2":1},"b":{},"_coverageSchema":"1a1c01bbd47fc00a2c39e90264f33305004495a9","hash":"5e1c93e1a1fdad92db4a16582a09374a8f761277"}
,"/Users/phil/bootcamp/challenges/svg-logo-maker/lib/svg.js": {"path":"/Users/phil/bootcamp/challenges/svg-logo-maker/lib/svg.js","statementMap":{"0":{"start":{"line":1,"column":11},"end":{"line":1,"column":24}},"1":{"start":{"line":2,"column":15},"end":{"line":2,"column":34}},"2":{"start":{"line":6,"column":4},"end":{"line":6,"column":26}},"3":{"start":{"line":7,"column":4},"end":{"line":7,"column":27}},"4":{"start":{"line":11,"column":4},"end":{"line":11,"column":138}},"5":{"start":{"line":15,"column":4},"end":{"line":17,"column":5}},"6":{"start":{"line":16,"column":6},"end":{"line":16,"column":66}},"7":{"start":{"line":19,"column":4},"end":{"line":19,"column":131}},"8":{"start":{"line":23,"column":4},"end":{"line":23,"column":30}},"9":{"start":{"line":28,"column":14},"end":{"line":28,"column":23}},"10":{"start":{"line":30,"column":2},"end":{"line":30,"column":47}},"11":{"start":{"line":32,"column":2},"end":{"line":42,"column":3}},"12":{"start":{"line":34,"column":6},"end":{"line":34,"column":54}},"13":{"start":{"line":35,"column":6},"end":{"line":35,"column":12}},"14":{"start":{"line":37,"column":6},"end":{"line":37,"column":54}},"15":{"start":{"line":38,"column":6},"end":{"line":38,"column":12}},"16":{"start":{"line":40,"column":6},"end":{"line":40,"column":56}},"17":{"start":{"line":41,"column":6},"end":{"line":41,"column":12}},"18":{"start":{"line":44,"column":21},"end":{"line":44,"column":33}},"19":{"start":{"line":46,"column":2},"end":{"line":46,"column":43}},"20":{"start":{"line":48,"column":2},"end":{"line":48,"column":57}},"21":{"start":{"line":51,"column":0},"end":{"line":51,"column":40}}},"fnMap":{"0":{"name":"(anonymous_0)","decl":{"start":{"line":5,"column":2},"end":{"line":5,"column":3}},"loc":{"start":{"line":5,"column":16},"end":{"line":8,"column":3}},"line":5},"1":{"name":"(anonymous_1)","decl":{"start":{"line":10,"column":2},"end":{"line":10,"column":3}},"loc":{"start":{"line":10,"column":11},"end":{"line":12,"column":3}},"line":10},"2":{"name":"(anonymous_2)","decl":{"start":{"line":14,"column":2},"end":{"line":14,"column":3}},"loc":{"start":{"line":14,"column":26},"end":{"line":20,"column":3}},"line":14},"3":{"name":"(anonymous_3)","decl":{"start":{"line":22,"column":2},"end":{"line":22,"column":3}},"loc":{"start":{"line":22,"column":18},"end":{"line":24,"column":3}},"line":22},"4":{"name":"createSVGFile","decl":{"start":{"line":27,"column":9},"end":{"line":27,"column":22}},"loc":{"start":{"line":27,"column":32},"end":{"line":49,"column":1}},"line":27}},"branchMap":{"0":{"loc":{"start":{"line":15,"column":4},"end":{"line":17,"column":5}},"type":"if","locations":[{"start":{"line":15,"column":4},"end":{"line":17,"column":5}},{"start":{},"end":{}}],"line":15},"1":{"loc":{"start":{"line":15,"column":8},"end":{"line":15,"column":48}},"type":"binary-expr","locations":[{"start":{"line":15,"column":8},"end":{"line":15,"column":26}},{"start":{"line":15,"column":30},"end":{"line":15,"column":48}}],"line":15},"2":{"loc":{"start":{"line":32,"column":2},"end":{"line":42,"column":3}},"type":"switch","locations":[{"start":{"line":33,"column":4},"end":{"line":35,"column":12}},{"start":{"line":36,"column":4},"end":{"line":38,"column":12}},{"start":{"line":39,"column":4},"end":{"line":41,"column":12}}],"line":32}},"s":{"0":1,"1":1,"2":3,"3":3,"4":1,"5":3,"6":1,"7":2,"8":1,"9":1,"10":1,"11":1,"12":1,"13":1,"14":0,"15":0,"16":0,"17":0,"18":1,"19":1,"20":1,"21":1},"f":{"0":3,"1":1,"2":3,"3":1,"4":1},"b":{"0":[1,2],"1":[3,3],"2":[1,0,0]},"_coverageSchema":"1a1c01bbd47fc00a2c39e90264f33305004495a9","hash":"2a64b346a17f2ba1f619f334ba7d927989b3dbaa"}
}
