TN:
SF:lib/shapes.js
FN:2,(anonymous_0)
FN:6,(anonymous_1)
FN:10,(anonymous_2)
FNF:3
FNH:3
FNDA:2,(anonymous_0)
FNDA:1,(anonymous_1)
FNDA:1,(anonymous_2)
DA:3,2
DA:7,1
DA:11,1
DA:15,2
LF:4
LH:4
BRF:0
BRH:0
end_of_record
TN:
SF:lib/svg.js
FN:5,(anonymous_0)
FN:10,(anonymous_1)
FN:14,(anonymous_2)
FN:22,(anonymous_3)
FN:27,createSVGFile
FNF:5
FNH:5
FNDA:1,(anonymous_0)
FNDA:1,(anonymous_1)
FNDA:1,(anonymous_2)
FNDA:1,(anonymous_3)
FNDA:1,createSVGFile
DA:1,1
DA:2,1
DA:6,1
DA:7,1
DA:11,1
DA:15,1
DA:16,0
DA:19,1
DA:23,1
DA:28,1
DA:30,1
DA:32,1
DA:34,1
DA:35,1
DA:37,0
DA:38,0
DA:40,0
DA:41,0
DA:44,1
DA:46,1
DA:48,1
DA:51,1
LF:22
LH:17
BRDA:15,0,0,0
BRDA:15,0,1,1
BRDA:15,1,0,1
BRDA:15,1,1,1
BRDA:32,2,0,1
BRDA:32,2,1,0
BRDA:32,2,2,0
BRF:7
BRH:4
end_of_record
